<?xml version="1.0" encoding="UTF-8"?>
<!-- Generated by org.testng.reporters.JUnitXMLReporter -->
<testsuite ignored="0" hostname="AFSWWK47C9MT97" failures="0" tests="8" name="Default test" time="32.255" errors="0" timestamp="2023-02-22T14:14:22 CST">
  <testcase classname="org.archive.provider.Web_Tests.ListPageTests" name="goFromLandingPage_toBookListPage" time="8.401"/>
  <testcase classname="org.archive.provider.Web_Tests.ListPageTests" name="addBook_withBadTitleData" time="2.891"/>
  <testcase classname="org.archive.provider.Web_Tests.ListPageTests" name="addBook_withBadAuthorData" time="2.492"/>
  <testcase classname="org.archive.provider.Web_Tests.ListPageTests" name="addBook_withGoodData" time="3.286"/>
  <testcase classname="org.archive.provider.Web_Tests.ListPageTests" name="editBook_withBadTitleData" time="3.554"/>
  <testcase classname="org.archive.provider.Web_Tests.ListPageTests" name="editBook_withBadAuthorData" time="2.744"/>
  <testcase classname="org.archive.provider.Web_Tests.ListPageTests" name="editBook_withGoodData" time="3.278"/>
  <testcase classname="org.archive.provider.Web_Tests.ListPageTests" name="deleteBook" time="1.575"/>
</testsuite> <!-- Default test -->
