<?xml version="1.0" encoding="UTF-8"?>
<testng-results ignored="10" total="11" passed="1" failed="0" skipped="0">
  <reporter-output>
  </reporter-output>
  <suite started-at="2023-01-12T15:36:47 CST" name="Default suite" finished-at="2023-01-12T15:36:48 CST" duration-ms="911">
    <groups>
    </groups>
    <test started-at="2023-01-12T15:36:47 CST" name="Default test" finished-at="2023-01-12T15:36:48 CST" duration-ms="911">
      <class name="org.archive.provider.ListServiceImplTest">
        <test-method is-config="true" signature="springTestContextBeforeTestClass()[pri:0, instance:org.archive.provider.ListServiceImplTest@5d43661b]" started-at="2023-01-12T15:36:47 CST" name="springTestContextBeforeTestClass" finished-at="2023-01-12T15:36:47 CST" duration-ms="12" status="PASS">
          <reporter-output>
          </reporter-output>
        </test-method> <!-- springTestContextBeforeTestClass -->
        <test-method is-config="true" signature="springTestContextPrepareTestInstance()[pri:0, instance:org.archive.provider.ListServiceImplTest@5d43661b]" started-at="2023-01-12T15:36:47 CST" name="springTestContextPrepareTestInstance" finished-at="2023-01-12T15:36:47 CST" depends-on-methods="org.springframework.test.context.testng.AbstractTestNGSpringContextTests.springTestContextBeforeTestClass" duration-ms="143" status="PASS">
          <reporter-output>
          </reporter-output>
        </test-method> <!-- springTestContextPrepareTestInstance -->
        <test-method is-config="true" signature="setUp()[pri:0, instance:org.archive.provider.ListServiceImplTest@5d43661b]" started-at="2023-01-12T15:36:47 CST" name="setUp" finished-at="2023-01-12T15:36:48 CST" duration-ms="617" status="PASS">
          <reporter-output>
          </reporter-output>
        </test-method> <!-- setUp -->
        <test-method is-config="true" signature="springTestContextBeforeTestMethod(java.lang.reflect.Method)[pri:0, instance:org.archive.provider.ListServiceImplTest@5d43661b]" started-at="2023-01-12T15:36:48 CST" name="springTestContextBeforeTestMethod" finished-at="2023-01-12T15:36:48 CST" duration-ms="5" status="PASS">
          <params>
            <param index="0">
              <value>
                <![CDATA[public void org.archive.provider.ListServiceImplTest.givenBookParameters_doesBookExist_returnBooleanValue()]]>
              </value>
            </param>
          </params>
          <reporter-output>
          </reporter-output>
        </test-method> <!-- springTestContextBeforeTestMethod -->
        <test-method signature="givenBookParameters_doesBookExist_returnBooleanValue()[pri:0, instance:org.archive.provider.ListServiceImplTest@5d43661b]" started-at="2023-01-12T15:36:48 CST" name="givenBookParameters_doesBookExist_returnBooleanValue" finished-at="2023-01-12T15:36:48 CST" duration-ms="93" status="PASS">
          <reporter-output>
          </reporter-output>
        </test-method> <!-- givenBookParameters_doesBookExist_returnBooleanValue -->
        <test-method is-config="true" signature="tearDown()[pri:0, instance:org.archive.provider.ListServiceImplTest@5d43661b]" started-at="2023-01-12T15:36:48 CST" name="tearDown" finished-at="2023-01-12T15:36:48 CST" duration-ms="1" status="PASS">
          <reporter-output>
          </reporter-output>
        </test-method> <!-- tearDown -->
        <test-method is-config="true" signature="springTestContextAfterTestMethod(java.lang.reflect.Method)[pri:0, instance:org.archive.provider.ListServiceImplTest@5d43661b]" started-at="2023-01-12T15:36:48 CST" name="springTestContextAfterTestMethod" finished-at="2023-01-12T15:36:48 CST" duration-ms="3" status="PASS">
          <params>
            <param index="0">
              <value>
                <![CDATA[public void org.archive.provider.ListServiceImplTest.givenBookParameters_doesBookExist_returnBooleanValue()]]>
              </value>
            </param>
          </params>
          <reporter-output>
          </reporter-output>
        </test-method> <!-- springTestContextAfterTestMethod -->
        <test-method is-config="true" signature="tearDown()[pri:0, instance:org.archive.provider.ListServiceImplTest@5d43661b]" started-at="2023-01-12T15:36:48 CST" name="tearDown" finished-at="2023-01-12T15:36:48 CST" duration-ms="1" status="PASS">
          <reporter-output>
          </reporter-output>
        </test-method> <!-- tearDown -->
        <test-method is-config="true" signature="springTestContextAfterTestClass()[pri:0, instance:org.archive.provider.ListServiceImplTest@5d43661b]" started-at="2023-01-12T15:36:48 CST" name="springTestContextAfterTestClass" finished-at="2023-01-12T15:36:48 CST" duration-ms="2" status="PASS">
          <reporter-output>
          </reporter-output>
        </test-method> <!-- springTestContextAfterTestClass -->
      </class> <!-- org.archive.provider.ListServiceImplTest -->
    </test> <!-- Default test -->
  </suite> <!-- Default suite -->
</testng-results>
