<?xml version="1.0" encoding="UTF-8"?>
<testng-results ignored="0" total="8" passed="8" failed="0" skipped="0">
  <reporter-output>
  </reporter-output>
  <suite started-at="2023-02-03T07:46:55 CST" name="Default suite" finished-at="2023-02-03T07:47:13 CST" duration-ms="18428">
    <groups>
    </groups>
    <test started-at="2023-02-03T07:46:55 CST" name="Default test" finished-at="2023-02-03T07:47:13 CST" duration-ms="18428">
      <class name="org.archive.provider.Web_Tests.ListPageTests">
        <test-method is-config="true" signature="setup()[pri:0, instance:org.archive.provider.Web_Tests.ListPageTests@d29f28]" started-at="2023-02-03T07:46:55 CST" name="setup" finished-at="2023-02-03T07:47:00 CST" duration-ms="5253" status="PASS">
          <reporter-output>
          </reporter-output>
        </test-method> <!-- setup -->
        <test-method signature="goFromLandingPage_toBookListPage()[pri:1, instance:org.archive.provider.Web_Tests.ListPageTests@d29f28]" started-at="2023-02-03T07:47:00 CST" name="goFromLandingPage_toBookListPage" finished-at="2023-02-03T07:47:05 CST" duration-ms="4421" status="PASS">
          <reporter-output>
          </reporter-output>
        </test-method> <!-- goFromLandingPage_toBookListPage -->
        <test-method signature="addBook_withBadTitleData()[pri:2, instance:org.archive.provider.Web_Tests.ListPageTests@d29f28]" started-at="2023-02-03T07:47:05 CST" name="addBook_withBadTitleData" finished-at="2023-02-03T07:47:06 CST" duration-ms="1156" status="PASS">
          <reporter-output>
          </reporter-output>
        </test-method> <!-- addBook_withBadTitleData -->
        <test-method signature="addBook_withBadAuthorData()[pri:3, instance:org.archive.provider.Web_Tests.ListPageTests@d29f28]" started-at="2023-02-03T07:47:06 CST" name="addBook_withBadAuthorData" finished-at="2023-02-03T07:47:07 CST" duration-ms="906" status="PASS">
          <reporter-output>
          </reporter-output>
        </test-method> <!-- addBook_withBadAuthorData -->
        <test-method signature="addBook_withGoodData()[pri:4, instance:org.archive.provider.Web_Tests.ListPageTests@d29f28]" started-at="2023-02-03T07:47:07 CST" name="addBook_withGoodData" finished-at="2023-02-03T07:47:08 CST" duration-ms="1387" status="PASS">
          <reporter-output>
          </reporter-output>
        </test-method> <!-- addBook_withGoodData -->
        <test-method signature="editBook_withBadTitleData()[pri:5, instance:org.archive.provider.Web_Tests.ListPageTests@d29f28]" started-at="2023-02-03T07:47:08 CST" name="editBook_withBadTitleData" finished-at="2023-02-03T07:47:09 CST" duration-ms="1163" status="PASS">
          <reporter-output>
          </reporter-output>
        </test-method> <!-- editBook_withBadTitleData -->
        <test-method signature="editBook_withBadAuthorData()[pri:6, instance:org.archive.provider.Web_Tests.ListPageTests@d29f28]" started-at="2023-02-03T07:47:09 CST" name="editBook_withBadAuthorData" finished-at="2023-02-03T07:47:10 CST" duration-ms="1131" status="PASS">
          <reporter-output>
          </reporter-output>
        </test-method> <!-- editBook_withBadAuthorData -->
        <test-method signature="editBook_withGoodData()[pri:7, instance:org.archive.provider.Web_Tests.ListPageTests@d29f28]" started-at="2023-02-03T07:47:10 CST" name="editBook_withGoodData" finished-at="2023-02-03T07:47:12 CST" duration-ms="1702" status="PASS">
          <reporter-output>
          </reporter-output>
        </test-method> <!-- editBook_withGoodData -->
        <test-method signature="deleteBook()[pri:8, instance:org.archive.provider.Web_Tests.ListPageTests@d29f28]" started-at="2023-02-03T07:47:12 CST" name="deleteBook" finished-at="2023-02-03T07:47:13 CST" duration-ms="1070" status="PASS">
          <reporter-output>
          </reporter-output>
        </test-method> <!-- deleteBook -->
        <test-method is-config="true" signature="cleanse()[pri:0, instance:org.archive.provider.Web_Tests.ListPageTests@d29f28]" started-at="2023-02-03T07:47:13 CST" name="cleanse" finished-at="2023-02-03T07:47:13 CST" duration-ms="153" status="PASS">
          <reporter-output>
          </reporter-output>
        </test-method> <!-- cleanse -->
      </class> <!-- org.archive.provider.Web_Tests.ListPageTests -->
    </test> <!-- Default test -->
  </suite> <!-- Default suite -->
</testng-results>
