<?xml version="1.0" encoding="UTF-8"?>
<testng-results ignored="0" total="1" passed="1" failed="0" skipped="0">
  <reporter-output>
  </reporter-output>
  <suite started-at="2023-01-17T12:12:09 CST" name="Default suite" finished-at="2023-01-17T12:12:17 CST" duration-ms="7819">
    <groups>
    </groups>
    <test started-at="2023-01-17T12:12:09 CST" name="Default test" finished-at="2023-01-17T12:12:17 CST" duration-ms="7819">
      <class name="org.archive.provider.Web_Tests.HomePageTests">
        <test-method is-config="true" signature="setup()[pri:0, instance:org.archive.provider.Web_Tests.HomePageTests@50ad3bc1]" started-at="2023-01-17T12:12:09 CST" name="setup" finished-at="2023-01-17T12:12:15 CST" duration-ms="5894" status="PASS">
          <reporter-output>
          </reporter-output>
        </test-method> <!-- setup -->
        <test-method signature="getIndexPage()[pri:0, instance:org.archive.provider.Web_Tests.HomePageTests@50ad3bc1]" started-at="2023-01-17T12:12:15 CST" name="getIndexPage" finished-at="2023-01-17T12:12:17 CST" duration-ms="1637" status="PASS">
          <reporter-output>
          </reporter-output>
        </test-method> <!-- getIndexPage -->
        <test-method is-config="true" signature="cleanse()[pri:0, instance:org.archive.provider.Web_Tests.HomePageTests@50ad3bc1]" started-at="2023-01-17T12:12:17 CST" name="cleanse" finished-at="2023-01-17T12:12:17 CST" duration-ms="212" status="PASS">
          <reporter-output>
          </reporter-output>
        </test-method> <!-- cleanse -->
      </class> <!-- org.archive.provider.Web_Tests.HomePageTests -->
    </test> <!-- Default test -->
  </suite> <!-- Default suite -->
</testng-results>
