<?xml version="1.0" encoding="UTF-8"?>
<testng-results ignored="0" total="6" passed="6" failed="0" skipped="0">
  <reporter-output>
  </reporter-output>
  <suite started-at="2023-02-23T16:20:16 CST" name="Default suite" finished-at="2023-02-23T16:20:21 CST" duration-ms="5770">
    <groups>
    </groups>
    <test started-at="2023-02-23T16:20:16 CST" name="Default test" finished-at="2023-02-23T16:20:21 CST" duration-ms="5770">
      <class name="org.archive.provider.Web_Tests.SignInPageTests">
        <test-method is-config="true" signature="setup()[pri:0, instance:org.archive.provider.Web_Tests.SignInPageTests@793be5ca]" started-at="2023-02-23T16:20:16 CST" name="setup" finished-at="2023-02-23T16:20:18 CST" duration-ms="2838" status="PASS">
          <reporter-output>
          </reporter-output>
        </test-method> <!-- setup -->
        <test-method signature="loadLogInPage()[pri:1, instance:org.archive.provider.Web_Tests.SignInPageTests@793be5ca]" started-at="2023-02-23T16:20:18 CST" name="loadLogInPage" finished-at="2023-02-23T16:20:19 CST" duration-ms="755" status="PASS">
          <reporter-output>
          </reporter-output>
        </test-method> <!-- loadLogInPage -->
        <test-method signature="signIn_badUserName1()[pri:2, instance:org.archive.provider.Web_Tests.SignInPageTests@793be5ca]" started-at="2023-02-23T16:20:19 CST" name="signIn_badUserName1" finished-at="2023-02-23T16:20:20 CST" duration-ms="408" status="PASS">
          <reporter-output>
          </reporter-output>
        </test-method> <!-- signIn_badUserName1 -->
        <test-method signature="signIn_badUserName2()[pri:3, instance:org.archive.provider.Web_Tests.SignInPageTests@793be5ca]" started-at="2023-02-23T16:20:20 CST" name="signIn_badUserName2" finished-at="2023-02-23T16:20:20 CST" duration-ms="398" status="PASS">
          <reporter-output>
          </reporter-output>
        </test-method> <!-- signIn_badUserName2 -->
        <test-method signature="signIn_badPassword1()[pri:4, instance:org.archive.provider.Web_Tests.SignInPageTests@793be5ca]" started-at="2023-02-23T16:20:20 CST" name="signIn_badPassword1" finished-at="2023-02-23T16:20:20 CST" duration-ms="448" status="PASS">
          <reporter-output>
          </reporter-output>
        </test-method> <!-- signIn_badPassword1 -->
        <test-method signature="signIn_badPassword2()[pri:5, instance:org.archive.provider.Web_Tests.SignInPageTests@793be5ca]" started-at="2023-02-23T16:20:20 CST" name="signIn_badPassword2" finished-at="2023-02-23T16:20:21 CST" duration-ms="415" status="PASS">
          <reporter-output>
          </reporter-output>
        </test-method> <!-- signIn_badPassword2 -->
        <test-method signature="signIn_Correctly_goToLandingPage()[pri:6, instance:org.archive.provider.Web_Tests.SignInPageTests@793be5ca]" started-at="2023-02-23T16:20:21 CST" name="signIn_Correctly_goToLandingPage" finished-at="2023-02-23T16:20:21 CST" duration-ms="332" status="PASS">
          <reporter-output>
          </reporter-output>
        </test-method> <!-- signIn_Correctly_goToLandingPage -->
        <test-method is-config="true" signature="cleanse()[pri:0, instance:org.archive.provider.Web_Tests.SignInPageTests@793be5ca]" started-at="2023-02-23T16:20:21 CST" name="cleanse" finished-at="2023-02-23T16:20:21 CST" duration-ms="106" status="PASS">
          <reporter-output>
          </reporter-output>
        </test-method> <!-- cleanse -->
      </class> <!-- org.archive.provider.Web_Tests.SignInPageTests -->
    </test> <!-- Default test -->
  </suite> <!-- Default suite -->
</testng-results>
