<?xml version="1.0" encoding="UTF-8"?>
<testng-results ignored="0" total="8" passed="8" failed="0" skipped="0">
  <reporter-output>
  </reporter-output>
  <suite started-at="2023-02-23T10:44:35 CST" name="Default suite" finished-at="2023-02-23T10:45:00 CST" duration-ms="24894">
    <groups>
    </groups>
    <test started-at="2023-02-23T10:44:35 CST" name="Default test" finished-at="2023-02-23T10:45:00 CST" duration-ms="24894">
      <class name="org.archive.provider.Web_Tests.ListPageTests">
        <test-method is-config="true" signature="setup()[pri:0, instance:org.archive.provider.Web_Tests.ListPageTests@15aab8c6]" started-at="2023-02-23T10:44:35 CST" name="setup" finished-at="2023-02-23T10:44:44 CST" duration-ms="8829" status="PASS">
          <reporter-output>
          </reporter-output>
        </test-method> <!-- setup -->
        <test-method signature="goFromLandingPage_toBookListPage()[pri:1, instance:org.archive.provider.Web_Tests.ListPageTests@15aab8c6]" started-at="2023-02-23T10:44:44 CST" name="goFromLandingPage_toBookListPage" finished-at="2023-02-23T10:44:48 CST" duration-ms="3614" status="PASS">
          <reporter-output>
          </reporter-output>
        </test-method> <!-- goFromLandingPage_toBookListPage -->
        <test-method signature="addBook_withBadTitleData()[pri:2, instance:org.archive.provider.Web_Tests.ListPageTests@15aab8c6]" started-at="2023-02-23T10:44:48 CST" name="addBook_withBadTitleData" finished-at="2023-02-23T10:44:49 CST" duration-ms="1786" status="PASS">
          <reporter-output>
          </reporter-output>
        </test-method> <!-- addBook_withBadTitleData -->
        <test-method signature="addBook_withBadAuthorData()[pri:3, instance:org.archive.provider.Web_Tests.ListPageTests@15aab8c6]" started-at="2023-02-23T10:44:49 CST" name="addBook_withBadAuthorData" finished-at="2023-02-23T10:44:51 CST" duration-ms="1705" status="PASS">
          <reporter-output>
          </reporter-output>
        </test-method> <!-- addBook_withBadAuthorData -->
        <test-method signature="addBook_withGoodData()[pri:4, instance:org.archive.provider.Web_Tests.ListPageTests@15aab8c6]" started-at="2023-02-23T10:44:51 CST" name="addBook_withGoodData" finished-at="2023-02-23T10:44:53 CST" duration-ms="1869" status="PASS">
          <reporter-output>
          </reporter-output>
        </test-method> <!-- addBook_withGoodData -->
        <test-method signature="editBook_withBadTitleData()[pri:5, instance:org.archive.provider.Web_Tests.ListPageTests@15aab8c6]" started-at="2023-02-23T10:44:53 CST" name="editBook_withBadTitleData" finished-at="2023-02-23T10:44:55 CST" duration-ms="1709" status="PASS">
          <reporter-output>
          </reporter-output>
        </test-method> <!-- editBook_withBadTitleData -->
        <test-method signature="editBook_withBadAuthorData()[pri:6, instance:org.archive.provider.Web_Tests.ListPageTests@15aab8c6]" started-at="2023-02-23T10:44:55 CST" name="editBook_withBadAuthorData" finished-at="2023-02-23T10:44:57 CST" duration-ms="1852" status="PASS">
          <reporter-output>
          </reporter-output>
        </test-method> <!-- editBook_withBadAuthorData -->
        <test-method signature="editBook_withGoodData()[pri:7, instance:org.archive.provider.Web_Tests.ListPageTests@15aab8c6]" started-at="2023-02-23T10:44:57 CST" name="editBook_withGoodData" finished-at="2023-02-23T10:44:59 CST" duration-ms="2202" status="PASS">
          <reporter-output>
          </reporter-output>
        </test-method> <!-- editBook_withGoodData -->
        <test-method signature="deleteBook()[pri:8, instance:org.archive.provider.Web_Tests.ListPageTests@15aab8c6]" started-at="2023-02-23T10:44:59 CST" name="deleteBook" finished-at="2023-02-23T10:45:00 CST" duration-ms="978" status="PASS">
          <reporter-output>
          </reporter-output>
        </test-method> <!-- deleteBook -->
        <test-method is-config="true" signature="cleanse()[pri:0, instance:org.archive.provider.Web_Tests.ListPageTests@15aab8c6]" started-at="2023-02-23T10:45:00 CST" name="cleanse" finished-at="2023-02-23T10:45:00 CST" duration-ms="234" status="PASS">
          <reporter-output>
          </reporter-output>
        </test-method> <!-- cleanse -->
      </class> <!-- org.archive.provider.Web_Tests.ListPageTests -->
    </test> <!-- Default test -->
  </suite> <!-- Default suite -->
</testng-results>
